
$ [32mgit clone git@localhost:ThoughtWorksInc/guia-de-desenvolvimento-tecnico .[0m
Cloning into '.'...
Warning: Permanently added 'localhost' (RSA) to the list of known hosts.
Command [32mgit clone git@localhost:ThoughtWorksInc/guia-de-desenvolvimento-tecnico .[0m exited successfully with status 0.
Took 0.39515 seconds.

$ [32mgit checkout master[0m
Already on 'master'
Your branch is up-to-date with 'origin/master'.
Command [32mgit checkout master[0m exited successfully with status 0.
Took 0.01531 seconds.

$ [32mgit reset --hard 772e8e976df7a03dce02161ed85d83f28dd985f2[0m
HEAD is now at 772e8e9 Merge pull request #84 from MarcosX/patch-1
Command [32mgit reset --hard 772e8e976df7a03dce02161ed85d83f28dd985f2[0m exited successfully with status 0.
Took 0.02588 seconds.

$ [32mgit submodule update --init --recursive[0m
Command [32mgit submodule update --init --recursive[0m exited successfully with status 0.
Took 0.04172 seconds.

Fetching artifacts from stage Lint
$ export SNAP_CI=true
$ export CI=true
$ export SNAP_CACHE_DIR=/var/go
$ export LANG=en_US.UTF-8
$ export LC_ALL=en_US.UTF-8
$ export SNAP_WORKING_DIR=/var/snap-ci/repo
$ export SNAP_PIPELINE_COUNTER=58
$ export SNAP_STAGE_NAME=check-links
$ export SNAP_BRANCH=master
$ export SNAP_COMMIT=772e8e976df7a03dce02161ed85d83f28dd985f2
$ export SNAP_COMMIT_SHORT=772e8e9
$ export SNAP_TRACKING_PIPELINE=true
$ export SNAP_INTEGRATION_PIPELINE=false

$ [32mnvm install v6.2.2 2>/dev/null[0m
Now using node v6.2.2 (npm v3.9.5)
Command [32mnvm install v6.2.2 2>/dev/null[0m exited successfully with status 0.
Took 1.19 seconds.

$ [32mif [ -d ${SNAP_CACHE_DIR}/node_modules ]; then sudo mv -f ${SNAP_CACHE_DIR}/node_modules .; sudo chown -R --no-dereference go:go node_modules; fi[0m
Command [32mif [ -d ${SNAP_CACHE_DIR}/node_modules ]; then sudo mv -f ${SNAP_CACHE_DIR}/node_modules .; sudo chown -R --no-dereference go:go node_modules; fi[0m exited successfully with status 0.
Took 0.08749 seconds.

$ [32mnpm install[0m
npm WARN optional Skipping failed optional dependency /chokidar/fsevents:
npm WARN notsup Not compatible with your operating system or architecture: fsevents@1.0.15
Command [32mnpm install[0m exited successfully with status 0.
Took 3.03 seconds.

$ [32mnpm run check-link-diff[0m

> guia-de-desenvolvimento-tecnico@0.0.1 check-link-diff /var/snap-ci/repo
> npm run generate-diff | node scripts/markdownLinkCheck.js


npm ERR! Linux 2.6.32-042stab105.14
npm ERR! argv "/opt/local/nvm/versions/node/v6.2.2/bin/node" "/var/snap-ci/repo/node_modules/.bin/npm" "run" "generate-diff"
npm ERR! node v6.2.2
npm ERR! npm  v3.7.5
npm ERR! code ELIFECYCLE
npm ERR! guia-de-desenvolvimento-tecnico@0.0.1 generate-diff: `git diff origin/master {.,topics}/*.md | grep -v '^-'`
npm ERR! Exit status 1
npm ERR! 
npm ERR! Failed at the guia-de-desenvolvimento-tecnico@0.0.1 generate-diff script 'git diff origin/master {.,topics}/*.md | grep -v '^-''.
npm ERR! Make sure you have the latest version of node.js and npm installed.
npm ERR! If you do, this is most likely a problem with the guia-de-desenvolvimento-tecnico package,
npm ERR! not with npm itself.
npm ERR! Tell the author that this fails on your system:
npm ERR!     git diff origin/master {.,topics}/*.md | grep -v '^-'
npm ERR! You can get information on how to open an issue for this project with:
npm ERR!     npm bugs guia-de-desenvolvimento-tecnico
npm ERR! Or if that isn't available, you can get their info via:
npm ERR!     npm owner ls guia-de-desenvolvimento-tecnico
npm ERR! There is likely additional logging output above.

npm ERR! Please include the following file with any support request:
npm ERR!     /var/snap-ci/repo/npm-debug.log
Command [32mnpm run check-link-diff[0m exited successfully with status 0.
Took 0.85843 seconds.

$ [32mif [ -d node_modules ]; then sudo mv -f node_modules ${SNAP_CACHE_DIR}/; sudo chown -R --no-dereference go:go ${SNAP_CACHE_DIR}/node_modules; fi[0m
Command [32mif [ -d node_modules ]; then sudo mv -f node_modules ${SNAP_CACHE_DIR}/; sudo chown -R --no-dereference go:go ${SNAP_CACHE_DIR}/node_modules; fi[0m exited successfully with status 0.
Took 0.08638 seconds.

Saving console log for later
